cabal: Entering directory '/tmp/cabal-tmp-949531/gloss-1.13.1.1'
Configuring gloss-1.13.1.1...
Preprocessing library for gloss-1.13.1.1..
Building library for gloss-1.13.1.1..
[ 1 of 44] Compiling Graphics.Gloss.Data.Bitmap ( Graphics/Gloss/Data/Bitmap.hs, dist/dist-sandbox-436ac64a/build/Graphics/Gloss/Data/Bitmap.dyn_o )
[ 2 of 44] Compiling Graphics.Gloss.Data.Color ( Graphics/Gloss/Data/Color.hs, dist/dist-sandbox-436ac64a/build/Graphics/Gloss/Data/Color.dyn_o )
[ 3 of 44] Compiling Graphics.Gloss.Data.Display ( Graphics/Gloss/Data/Display.hs, dist/dist-sandbox-436ac64a/build/Graphics/Gloss/Data/Display.dyn_o )
[ 4 of 44] Compiling Graphics.Gloss.Data.Point.Arithmetic ( Graphics/Gloss/Data/Point/Arithmetic.hs, dist/dist-sandbox-436ac64a/build/Graphics/Gloss/Data/Point/Arithmetic.dyn_o )
[ 5 of 44] Compiling Graphics.Gloss.Geometry.Angle ( Graphics/Gloss/Geometry/Angle.hs, dist/dist-sandbox-436ac64a/build/Graphics/Gloss/Geometry/Angle.dyn_o )
[ 6 of 44] Compiling Graphics.Gloss.Data.Picture ( Graphics/Gloss/Data/Picture.hs, dist/dist-sandbox-436ac64a/build/Graphics/Gloss/Data/Picture.dyn_o )
[ 7 of 44] Compiling Graphics.Gloss.Data.ViewPort ( Graphics/Gloss/Data/ViewPort.hs, dist/dist-sandbox-436ac64a/build/Graphics/Gloss/Data/ViewPort.dyn_o )
[ 8 of 44] Compiling Graphics.Gloss.Data.Controller ( Graphics/Gloss/Data/Controller.hs, dist/dist-sandbox-436ac64a/build/Graphics/Gloss/Data/Controller.dyn_o )
[ 9 of 44] Compiling Graphics.Gloss.Data.Vector ( Graphics/Gloss/Data/Vector.hs, dist/dist-sandbox-436ac64a/build/Graphics/Gloss/Data/Vector.dyn_o )
[10 of 44] Compiling Graphics.Gloss.Data.Point ( Graphics/Gloss/Data/Point.hs, dist/dist-sandbox-436ac64a/build/Graphics/Gloss/Data/Point.dyn_o )
[11 of 44] Compiling Graphics.Gloss.Geometry.Line ( Graphics/Gloss/Geometry/Line.hs, dist/dist-sandbox-436ac64a/build/Graphics/Gloss/Geometry/Line.dyn_o )
[12 of 44] Compiling Graphics.Gloss.Internals.Color ( Graphics/Gloss/Internals/Color.hs, dist/dist-sandbox-436ac64a/build/Graphics/Gloss/Internals/Color.dyn_o )
[13 of 44] Compiling Graphics.Gloss.Internals.Interface.Animate.State ( Graphics/Gloss/Internals/Interface/Animate/State.hs, dist/dist-sandbox-436ac64a/build/Graphics/Gloss/Internals/Interface/Animate/State.dyn_o )
[14 of 44] Compiling Graphics.Gloss.Internals.Interface.Backend.Types ( Graphics/Gloss/Internals/Interface/Backend/Types.hs, dist/dist-sandbox-436ac64a/build/Graphics/Gloss/Internals/Interface/Backend/Types.dyn_o )
[15 of 44] Compiling Graphics.Gloss.Internals.Interface.Backend.GLUT ( Graphics/Gloss/Internals/Interface/Backend/GLUT.hs, dist/dist-sandbox-436ac64a/build/Graphics/Gloss/Internals/Interface/Backend/GLUT.dyn_o )
[16 of 44] Compiling Graphics.Gloss.Interface.Environment ( Graphics/Gloss/Interface/Environment.hs, dist/dist-sandbox-436ac64a/build/Graphics/Gloss/Interface/Environment.dyn_o )
[17 of 44] Compiling Graphics.Gloss.Internals.Interface.Backend ( Graphics/Gloss/Internals/Interface/Backend.hs, dist/dist-sandbox-436ac64a/build/Graphics/Gloss/Internals/Interface/Backend.dyn_o )
[18 of 44] Compiling Graphics.Gloss.Internals.Interface.Animate.Timing ( Graphics/Gloss/Internals/Interface/Animate/Timing.hs, dist/dist-sandbox-436ac64a/build/Graphics/Gloss/Internals/Interface/Animate/Timing.dyn_o )
[19 of 44] Compiling Graphics.Gloss.Internals.Interface.Callback ( Graphics/Gloss/Internals/Interface/Callback.hs, dist/dist-sandbox-436ac64a/build/Graphics/Gloss/Internals/Interface/Callback.dyn_o )
[20 of 44] Compiling Graphics.Gloss.Internals.Interface.Common.Exit ( Graphics/Gloss/Internals/Interface/Common/Exit.hs, dist/dist-sandbox-436ac64a/build/Graphics/Gloss/Internals/Interface/Common/Exit.dyn_o )
[21 of 44] Compiling Graphics.Gloss.Internals.Interface.Debug ( Graphics/Gloss/Internals/Interface/Debug.hs, dist/dist-sandbox-436ac64a/build/Graphics/Gloss/Internals/Interface/Debug.dyn_o )
[22 of 44] Compiling Graphics.Gloss.Internals.Interface.Event ( Graphics/Gloss/Internals/Interface/Event.hs, dist/dist-sandbox-436ac64a/build/Graphics/Gloss/Internals/Interface/Event.dyn_o )
[23 of 44] Compiling Graphics.Gloss.Data.ViewState ( Graphics/Gloss/Data/ViewState.hs, dist/dist-sandbox-436ac64a/build/Graphics/Gloss/Data/ViewState.dyn_o )
[24 of 44] Compiling Graphics.Gloss.Internals.Interface.Simulate.State ( Graphics/Gloss/Internals/Interface/Simulate/State.hs, dist/dist-sandbox-436ac64a/build/Graphics/Gloss/Internals/Interface/Simulate/State.dyn_o )
[25 of 44] Compiling Graphics.Gloss.Internals.Interface.Simulate.Idle ( Graphics/Gloss/Internals/Interface/Simulate/Idle.hs, dist/dist-sandbox-436ac64a/build/Graphics/Gloss/Internals/Interface/Simulate/Idle.dyn_o )
[26 of 44] Compiling Graphics.Gloss.Internals.Interface.ViewState.KeyMouse ( Graphics/Gloss/Internals/Interface/ViewState/KeyMouse.hs, dist/dist-sandbox-436ac64a/build/Graphics/Gloss/Internals/Interface/ViewState/KeyMouse.dyn_o )
[27 of 44] Compiling Graphics.Gloss.Internals.Interface.ViewState.Motion ( Graphics/Gloss/Internals/Interface/ViewState/Motion.hs, dist/dist-sandbox-436ac64a/build/Graphics/Gloss/Internals/Interface/ViewState/Motion.dyn_o )
[28 of 44] Compiling Graphics.Gloss.Internals.Interface.ViewState.Reshape ( Graphics/Gloss/Internals/Interface/ViewState/Reshape.hs, dist/dist-sandbox-436ac64a/build/Graphics/Gloss/Internals/Interface/ViewState/Reshape.dyn_o )
[29 of 44] Compiling Graphics.Gloss.Internals.Interface.Window ( Graphics/Gloss/Internals/Interface/Window.hs, dist/dist-sandbox-436ac64a/build/Graphics/Gloss/Internals/Interface/Window.dyn_o )
[30 of 44] Compiling Graphics.Gloss.Internals.Interface.Simulate ( Graphics/Gloss/Internals/Interface/Simulate.hs, dist/dist-sandbox-436ac64a/build/Graphics/Gloss/Internals/Interface/Simulate.dyn_o )
[31 of 44] Compiling Graphics.Gloss.Interface.Pure.Simulate ( Graphics/Gloss/Interface/Pure/Simulate.hs, dist/dist-sandbox-436ac64a/build/Graphics/Gloss/Interface/Pure/Simulate.dyn_o )
[32 of 44] Compiling Graphics.Gloss.Interface.IO.Simulate ( Graphics/Gloss/Interface/IO/Simulate.hs, dist/dist-sandbox-436ac64a/build/Graphics/Gloss/Interface/IO/Simulate.dyn_o )
[33 of 44] Compiling Graphics.Gloss.Internals.Interface.Interact ( Graphics/Gloss/Internals/Interface/Interact.hs, dist/dist-sandbox-436ac64a/build/Graphics/Gloss/Internals/Interface/Interact.dyn_o )
[34 of 44] Compiling Graphics.Gloss.Interface.IO.Interact ( Graphics/Gloss/Interface/IO/Interact.hs, dist/dist-sandbox-436ac64a/build/Graphics/Gloss/Interface/IO/Interact.dyn_o )
[35 of 44] Compiling Graphics.Gloss.Internals.Interface.Game ( Graphics/Gloss/Internals/Interface/Game.hs, dist/dist-sandbox-436ac64a/build/Graphics/Gloss/Internals/Interface/Game.dyn_o )
[36 of 44] Compiling Graphics.Gloss.Interface.Pure.Game ( Graphics/Gloss/Interface/Pure/Game.hs, dist/dist-sandbox-436ac64a/build/Graphics/Gloss/Interface/Pure/Game.dyn_o )
[37 of 44] Compiling Graphics.Gloss.Interface.IO.Game ( Graphics/Gloss/Interface/IO/Game.hs, dist/dist-sandbox-436ac64a/build/Graphics/Gloss/Interface/IO/Game.dyn_o )
[38 of 44] Compiling Graphics.Gloss.Internals.Interface.Display ( Graphics/Gloss/Internals/Interface/Display.hs, dist/dist-sandbox-436ac64a/build/Graphics/Gloss/Internals/Interface/Display.dyn_o )
[39 of 44] Compiling Graphics.Gloss.Interface.Pure.Display ( Graphics/Gloss/Interface/Pure/Display.hs, dist/dist-sandbox-436ac64a/build/Graphics/Gloss/Interface/Pure/Display.dyn_o )
[40 of 44] Compiling Graphics.Gloss.Interface.IO.Display ( Graphics/Gloss/Interface/IO/Display.hs, dist/dist-sandbox-436ac64a/build/Graphics/Gloss/Interface/IO/Display.dyn_o )
[41 of 44] Compiling Graphics.Gloss.Internals.Interface.Animate ( Graphics/Gloss/Internals/Interface/Animate.hs, dist/dist-sandbox-436ac64a/build/Graphics/Gloss/Internals/Interface/Animate.dyn_o )
[42 of 44] Compiling Graphics.Gloss.Interface.Pure.Animate ( Graphics/Gloss/Interface/Pure/Animate.hs, dist/dist-sandbox-436ac64a/build/Graphics/Gloss/Interface/Pure/Animate.dyn_o )
[43 of 44] Compiling Graphics.Gloss   ( Graphics/Gloss.hs, dist/dist-sandbox-436ac64a/build/Graphics/Gloss.dyn_o )
[44 of 44] Compiling Graphics.Gloss.Interface.IO.Animate ( Graphics/Gloss/Interface/IO/Animate.hs, dist/dist-sandbox-436ac64a/build/Graphics/Gloss/Interface/IO/Animate.dyn_o )
Installing library in /home/miksu/Haskell/gloss-projects/IcoWallpaper/.cabal-sandbox/lib/x86_64-linux-ghc-8.6.5/gloss-1.13.1.1-8J1dl8WahJBFdmKuJkFgWU
cabal: Leaving directory '/tmp/cabal-tmp-949531/gloss-1.13.1.1'
