cabal: Entering directory '/tmp/cabal-tmp-74540/GLUT-2.7.0.15'
Configuring GLUT-2.7.0.15...
Preprocessing library for GLUT-2.7.0.15..
Building library for GLUT-2.7.0.15..
[ 1 of 24] Compiling Graphics.UI.GLUT.Debugging ( src/Graphics/UI/GLUT/Debugging.hs, dist/dist-sandbox-436ac64a/build/Graphics/UI/GLUT/Debugging.dyn_o )
[ 2 of 24] Compiling Graphics.UI.GLUT.Raw.Callbacks ( src/Graphics/UI/GLUT/Raw/Callbacks.hs, dist/dist-sandbox-436ac64a/build/Graphics/UI/GLUT/Raw/Callbacks.dyn_o )
[ 3 of 24] Compiling Graphics.UI.GLUT.Raw.Fonts ( src/Graphics/UI/GLUT/Raw/Fonts.hs, dist/dist-sandbox-436ac64a/build/Graphics/UI/GLUT/Raw/Fonts.dyn_o )
[ 4 of 24] Compiling Graphics.UI.GLUT.Raw.Functions ( src/Graphics/UI/GLUT/Raw/Functions.hs, dist/dist-sandbox-436ac64a/build/Graphics/UI/GLUT/Raw/Functions.dyn_o )
[ 5 of 24] Compiling Graphics.UI.GLUT.Raw.Tokens ( src/Graphics/UI/GLUT/Raw/Tokens.hs, dist/dist-sandbox-436ac64a/build/Graphics/UI/GLUT/Raw/Tokens.dyn_o )
[ 6 of 24] Compiling Graphics.UI.GLUT.Raw ( src/Graphics/UI/GLUT/Raw.hs, dist/dist-sandbox-436ac64a/build/Graphics/UI/GLUT/Raw.dyn_o )
[ 7 of 24] Compiling Graphics.UI.GLUT.QueryUtils ( src/Graphics/UI/GLUT/QueryUtils.hs, dist/dist-sandbox-436ac64a/build/Graphics/UI/GLUT/QueryUtils.dyn_o )
[ 8 of 24] Compiling Graphics.UI.GLUT.Objects ( src/Graphics/UI/GLUT/Objects.hs, dist/dist-sandbox-436ac64a/build/Graphics/UI/GLUT/Objects.dyn_o )
[ 9 of 24] Compiling Graphics.UI.GLUT.Fonts ( src/Graphics/UI/GLUT/Fonts.hs, dist/dist-sandbox-436ac64a/build/Graphics/UI/GLUT/Fonts.dyn_o )
[10 of 24] Compiling Graphics.UI.GLUT.DeviceControl ( src/Graphics/UI/GLUT/DeviceControl.hs, dist/dist-sandbox-436ac64a/build/Graphics/UI/GLUT/DeviceControl.dyn_o )
[11 of 24] Compiling Graphics.UI.GLUT.Begin ( src/Graphics/UI/GLUT/Begin.hs, dist/dist-sandbox-436ac64a/build/Graphics/UI/GLUT/Begin.dyn_o )
[12 of 24] Compiling Graphics.UI.GLUT.Types ( src/Graphics/UI/GLUT/Types.hs, dist/dist-sandbox-436ac64a/build/Graphics/UI/GLUT/Types.dyn_o )
[13 of 24] Compiling Graphics.UI.GLUT.Overlay ( src/Graphics/UI/GLUT/Overlay.hs, dist/dist-sandbox-436ac64a/build/Graphics/UI/GLUT/Overlay.dyn_o )
[14 of 24] Compiling Graphics.UI.GLUT.Initialization ( src/Graphics/UI/GLUT/Initialization.hs, dist/dist-sandbox-436ac64a/build/Graphics/UI/GLUT/Initialization.dyn_o )
[15 of 24] Compiling Graphics.UI.GLUT.GameMode ( src/Graphics/UI/GLUT/GameMode.hs, dist/dist-sandbox-436ac64a/build/Graphics/UI/GLUT/GameMode.dyn_o )
[16 of 24] Compiling Graphics.UI.GLUT.Colormap ( src/Graphics/UI/GLUT/Colormap.hs, dist/dist-sandbox-436ac64a/build/Graphics/UI/GLUT/Colormap.dyn_o )
[17 of 24] Compiling Graphics.UI.GLUT.Window ( src/Graphics/UI/GLUT/Window.hs, dist/dist-sandbox-436ac64a/build/Graphics/UI/GLUT/Window.dyn_o )
[18 of 24] Compiling Graphics.UI.GLUT.State ( src/Graphics/UI/GLUT/State.hs, dist/dist-sandbox-436ac64a/build/Graphics/UI/GLUT/State.dyn_o )
[19 of 24] Compiling Graphics.UI.GLUT.Callbacks.Registration ( src/Graphics/UI/GLUT/Callbacks/Registration.hs, dist/dist-sandbox-436ac64a/build/Graphics/UI/GLUT/Callbacks/Registration.dyn_o )
[20 of 24] Compiling Graphics.UI.GLUT.Menu ( src/Graphics/UI/GLUT/Menu.hs, dist/dist-sandbox-436ac64a/build/Graphics/UI/GLUT/Menu.dyn_o )
[21 of 24] Compiling Graphics.UI.GLUT.Callbacks.Window ( src/Graphics/UI/GLUT/Callbacks/Window.hs, dist/dist-sandbox-436ac64a/build/Graphics/UI/GLUT/Callbacks/Window.dyn_o )
[22 of 24] Compiling Graphics.UI.GLUT.Callbacks.Global ( src/Graphics/UI/GLUT/Callbacks/Global.hs, dist/dist-sandbox-436ac64a/build/Graphics/UI/GLUT/Callbacks/Global.dyn_o )
[23 of 24] Compiling Graphics.UI.GLUT.Callbacks ( src/Graphics/UI/GLUT/Callbacks.hs, dist/dist-sandbox-436ac64a/build/Graphics/UI/GLUT/Callbacks.dyn_o )
[24 of 24] Compiling Graphics.UI.GLUT ( src/Graphics/UI/GLUT.hs, dist/dist-sandbox-436ac64a/build/Graphics/UI/GLUT.dyn_o )
Installing library in /home/miksu/Haskell/gloss-projects/IcoWallpaper/.cabal-sandbox/lib/x86_64-linux-ghc-8.6.5/GLUT-2.7.0.15-BL6G4jiawUo7c9kmoStsCY
cabal: Leaving directory '/tmp/cabal-tmp-74540/GLUT-2.7.0.15'
