cabal: Entering directory '/tmp/cabal-tmp-74540/OpenGL-3.0.3.0'
Configuring OpenGL-3.0.3.0...
Preprocessing library for OpenGL-3.0.3.0..
Building library for OpenGL-3.0.3.0..
[  1 of 118] Compiling Graphics.Rendering.OpenGL.GL.BlendingFactor ( src/Graphics/Rendering/OpenGL/GL/BlendingFactor.hs, dist/dist-sandbox-436ac64a/build/Graphics/Rendering/OpenGL/GL/BlendingFactor.dyn_o )
[  2 of 118] Compiling Graphics.Rendering.OpenGL.GL.BufferMode ( src/Graphics/Rendering/OpenGL/GL/BufferMode.hs, dist/dist-sandbox-436ac64a/build/Graphics/Rendering/OpenGL/GL/BufferMode.dyn_o )
[  3 of 118] Compiling Graphics.Rendering.OpenGL.GL.ComparisonFunction ( src/Graphics/Rendering/OpenGL/GL/ComparisonFunction.hs, dist/dist-sandbox-436ac64a/build/Graphics/Rendering/OpenGL/GL/ComparisonFunction.dyn_o )
[  4 of 118] Compiling Graphics.Rendering.OpenGL.GL.DataType ( src/Graphics/Rendering/OpenGL/GL/DataType.hs, dist/dist-sandbox-436ac64a/build/Graphics/Rendering/OpenGL/GL/DataType.dyn_o )
[  5 of 118] Compiling Graphics.Rendering.OpenGL.GL.Exception ( src/Graphics/Rendering/OpenGL/GL/Exception.hs, dist/dist-sandbox-436ac64a/build/Graphics/Rendering/OpenGL/GL/Exception.dyn_o )
[  6 of 118] Compiling Graphics.Rendering.OpenGL.GL.Face ( src/Graphics/Rendering/OpenGL/GL/Face.hs, dist/dist-sandbox-436ac64a/build/Graphics/Rendering/OpenGL/GL/Face.dyn_o )
[  7 of 118] Compiling Graphics.Rendering.OpenGL.GL.FlushFinish ( src/Graphics/Rendering/OpenGL/GL/FlushFinish.hs, dist/dist-sandbox-436ac64a/build/Graphics/Rendering/OpenGL/GL/FlushFinish.dyn_o )
[  8 of 118] Compiling Graphics.Rendering.OpenGL.GL.FramebufferObjects.FramebufferTarget ( src/Graphics/Rendering/OpenGL/GL/FramebufferObjects/FramebufferTarget.hs, dist/dist-sandbox-436ac64a/build/Graphics/Rendering/OpenGL/GL/FramebufferObjects/FramebufferTarget.dyn_o )
[  9 of 118] Compiling Graphics.Rendering.OpenGL.GL.GLboolean ( src/Graphics/Rendering/OpenGL/GL/GLboolean.hs, dist/dist-sandbox-436ac64a/build/Graphics/Rendering/OpenGL/GL/GLboolean.dyn_o )
[ 10 of 118] Compiling Graphics.Rendering.OpenGL.GL.EdgeFlag ( src/Graphics/Rendering/OpenGL/GL/EdgeFlag.hs, dist/dist-sandbox-436ac64a/build/Graphics/Rendering/OpenGL/GL/EdgeFlag.dyn_o )
[ 11 of 118] Compiling Graphics.Rendering.OpenGL.GL.IOState ( src/Graphics/Rendering/OpenGL/GL/IOState.hs, dist/dist-sandbox-436ac64a/build/Graphics/Rendering/OpenGL/GL/IOState.dyn_o )
[ 12 of 118] Compiling Graphics.Rendering.OpenGL.GL.PeekPoke ( src/Graphics/Rendering/OpenGL/GL/PeekPoke.hs, dist/dist-sandbox-436ac64a/build/Graphics/Rendering/OpenGL/GL/PeekPoke.dyn_o )
[ 13 of 118] Compiling Graphics.Rendering.OpenGL.GL.FramebufferObjects.RenderbufferTarget ( src/Graphics/Rendering/OpenGL/GL/FramebufferObjects/RenderbufferTarget.hs, dist/dist-sandbox-436ac64a/build/Graphics/Rendering/OpenGL/GL/FramebufferObjects/RenderbufferTarget.dyn_o )
[ 14 of 118] Compiling Graphics.Rendering.OpenGL.GL.FramebufferObjects.FramebufferObjectAttachment ( src/Graphics/Rendering/OpenGL/GL/FramebufferObjects/FramebufferObjectAttachment.hs, dist/dist-sandbox-436ac64a/build/Graphics/Rendering/OpenGL/GL/FramebufferObjects/FramebufferObjectAttachment.dyn_o )
[ 15 of 118] Compiling Graphics.Rendering.OpenGL.GL.PixelFormat ( src/Graphics/Rendering/OpenGL/GL/PixelFormat.hs, dist/dist-sandbox-436ac64a/build/Graphics/Rendering/OpenGL/GL/PixelFormat.dyn_o )
[ 16 of 118] Compiling Graphics.Rendering.OpenGL.GL.PixelData ( src/Graphics/Rendering/OpenGL/GL/PixelData.hs, dist/dist-sandbox-436ac64a/build/Graphics/Rendering/OpenGL/GL/PixelData.dyn_o )
[ 17 of 118] Compiling Graphics.Rendering.OpenGL.GL.PixelRectangles.Reset ( src/Graphics/Rendering/OpenGL/GL/PixelRectangles/Reset.hs, dist/dist-sandbox-436ac64a/build/Graphics/Rendering/OpenGL/GL/PixelRectangles/Reset.dyn_o )
[ 18 of 118] Compiling Graphics.Rendering.OpenGL.GL.PixelRectangles.Sink ( src/Graphics/Rendering/OpenGL/GL/PixelRectangles/Sink.hs, dist/dist-sandbox-436ac64a/build/Graphics/Rendering/OpenGL/GL/PixelRectangles/Sink.dyn_o )
[ 19 of 118] Compiling Graphics.Rendering.OpenGL.GL.PointParameter ( src/Graphics/Rendering/OpenGL/GL/PointParameter.hs, dist/dist-sandbox-436ac64a/build/Graphics/Rendering/OpenGL/GL/PointParameter.dyn_o )
[ 20 of 118] Compiling Graphics.Rendering.OpenGL.GL.PolygonMode ( src/Graphics/Rendering/OpenGL/GL/PolygonMode.hs, dist/dist-sandbox-436ac64a/build/Graphics/Rendering/OpenGL/GL/PolygonMode.dyn_o )
[ 21 of 118] Compiling Graphics.Rendering.OpenGL.GL.QueryUtils.VertexAttrib ( src/Graphics/Rendering/OpenGL/GL/QueryUtils/VertexAttrib.hs, dist/dist-sandbox-436ac64a/build/Graphics/Rendering/OpenGL/GL/QueryUtils/VertexAttrib.dyn_o )
[ 22 of 118] Compiling Graphics.Rendering.OpenGL.GL.SavingState ( src/Graphics/Rendering/OpenGL/GL/SavingState.hs, dist/dist-sandbox-436ac64a/build/Graphics/Rendering/OpenGL/GL/SavingState.dyn_o )
[ 23 of 118] Compiling Graphics.Rendering.OpenGL.GL.Tensor ( src/Graphics/Rendering/OpenGL/GL/Tensor.hs, dist/dist-sandbox-436ac64a/build/Graphics/Rendering/OpenGL/GL/Tensor.dyn_o )
[ 24 of 118] Compiling Graphics.Rendering.OpenGL.GL.Rectangles ( src/Graphics/Rendering/OpenGL/GL/Rectangles.hs, dist/dist-sandbox-436ac64a/build/Graphics/Rendering/OpenGL/GL/Rectangles.dyn_o )
[ 25 of 118] Compiling Graphics.Rendering.OpenGL.GL.Texturing.Filter ( src/Graphics/Rendering/OpenGL/GL/Texturing/Filter.hs, dist/dist-sandbox-436ac64a/build/Graphics/Rendering/OpenGL/GL/Texturing/Filter.dyn_o )
[ 26 of 118] Compiling Graphics.Rendering.OpenGL.GL.Texturing.PixelInternalFormat ( src/Graphics/Rendering/OpenGL/GL/Texturing/PixelInternalFormat.hs, dist/dist-sandbox-436ac64a/build/Graphics/Rendering/OpenGL/GL/Texturing/PixelInternalFormat.dyn_o )
[ 27 of 118] Compiling Graphics.Rendering.OpenGL.GL.Texturing.TextureUnit ( src/Graphics/Rendering/OpenGL/GL/Texturing/TextureUnit.hs, dist/dist-sandbox-436ac64a/build/Graphics/Rendering/OpenGL/GL/Texturing/TextureUnit.dyn_o )
[ 28 of 118] Compiling Graphics.Rendering.OpenGL.GL.VertexAttributes ( src/Graphics/Rendering/OpenGL/GL/VertexAttributes.hs, dist/dist-sandbox-436ac64a/build/Graphics/Rendering/OpenGL/GL/VertexAttributes.dyn_o )
[ 29 of 118] Compiling Graphics.Rendering.OpenGL.GLU.ErrorsInternal ( src/Graphics/Rendering/OpenGL/GLU/ErrorsInternal.hs, dist/dist-sandbox-436ac64a/build/Graphics/Rendering/OpenGL/GLU/ErrorsInternal.dyn_o )
[ 30 of 118] Compiling Graphics.Rendering.OpenGL.GLU.Errors ( src/Graphics/Rendering/OpenGL/GLU/Errors.hs, dist/dist-sandbox-436ac64a/build/Graphics/Rendering/OpenGL/GLU/Errors.dyn_o )
[ 31 of 118] Compiling Graphics.Rendering.OpenGL.GL.QueryUtils.PName ( src/Graphics/Rendering/OpenGL/GL/QueryUtils/PName.hs, dist/dist-sandbox-436ac64a/build/Graphics/Rendering/OpenGL/GL/QueryUtils/PName.dyn_o )
[ 32 of 118] Compiling Graphics.Rendering.OpenGL.GL.QueryUtils ( src/Graphics/Rendering/OpenGL/GL/QueryUtils.hs, dist/dist-sandbox-436ac64a/build/Graphics/Rendering/OpenGL/GL/QueryUtils.dyn_o )
[ 33 of 118] Compiling Graphics.Rendering.OpenGL.GL.VertexSpec ( src/Graphics/Rendering/OpenGL/GL/VertexSpec.hs, dist/dist-sandbox-436ac64a/build/Graphics/Rendering/OpenGL/GL/VertexSpec.dyn_o )
[ 34 of 118] Compiling Graphics.Rendering.OpenGL.GL.Shaders.Limits ( src/Graphics/Rendering/OpenGL/GL/Shaders/Limits.hs, dist/dist-sandbox-436ac64a/build/Graphics/Rendering/OpenGL/GL/Shaders/Limits.dyn_o )
[ 35 of 118] Compiling Graphics.Rendering.OpenGL.GL.RenderMode ( src/Graphics/Rendering/OpenGL/GL/RenderMode.hs, dist/dist-sandbox-436ac64a/build/Graphics/Rendering/OpenGL/GL/RenderMode.dyn_o )
[ 36 of 118] Compiling Graphics.Rendering.OpenGL.GL.Selection ( src/Graphics/Rendering/OpenGL/GL/Selection.hs, dist/dist-sandbox-436ac64a/build/Graphics/Rendering/OpenGL/GL/Selection.dyn_o )
[ 37 of 118] Compiling Graphics.Rendering.OpenGL.GL.Feedback ( src/Graphics/Rendering/OpenGL/GL/Feedback.hs, dist/dist-sandbox-436ac64a/build/Graphics/Rendering/OpenGL/GL/Feedback.dyn_o )
[ 38 of 118] Compiling Graphics.Rendering.OpenGL.GL.PixelRectangles.PixelStorage ( src/Graphics/Rendering/OpenGL/GL/PixelRectangles/PixelStorage.hs, dist/dist-sandbox-436ac64a/build/Graphics/Rendering/OpenGL/GL/PixelRectangles/PixelStorage.dyn_o )
[ 39 of 118] Compiling Graphics.Rendering.OpenGL.GL.PixelRectangles.PixelMap ( src/Graphics/Rendering/OpenGL/GL/PixelRectangles/PixelMap.hs, dist/dist-sandbox-436ac64a/build/Graphics/Rendering/OpenGL/GL/PixelRectangles/PixelMap.dyn_o )
[ 40 of 118] Compiling Graphics.Rendering.OpenGL.GL.MatrixComponent ( src/Graphics/Rendering/OpenGL/GL/MatrixComponent.hs, dist/dist-sandbox-436ac64a/build/Graphics/Rendering/OpenGL/GL/MatrixComponent.dyn_o )
[ 41 of 118] Compiling Graphics.Rendering.OpenGL.GL.Hints ( src/Graphics/Rendering/OpenGL/GL/Hints.hs, dist/dist-sandbox-436ac64a/build/Graphics/Rendering/OpenGL/GL/Hints.dyn_o )
[ 42 of 118] Compiling Graphics.Rendering.OpenGL.GL.Domain ( src/Graphics/Rendering/OpenGL/GL/Domain.hs, dist/dist-sandbox-436ac64a/build/Graphics/Rendering/OpenGL/GL/Domain.dyn_o )
[ 43 of 118] Compiling Graphics.Rendering.OpenGL.GL.ByteString ( src/Graphics/Rendering/OpenGL/GL/ByteString.hs, dist/dist-sandbox-436ac64a/build/Graphics/Rendering/OpenGL/GL/ByteString.dyn_o )
[ 44 of 118] Compiling Graphics.Rendering.OpenGL.GL.StringQueries ( src/Graphics/Rendering/OpenGL/GL/StringQueries.hs, dist/dist-sandbox-436ac64a/build/Graphics/Rendering/OpenGL/GL/StringQueries.dyn_o )
[ 45 of 118] Compiling Graphics.Rendering.OpenGL.GL.PrimitiveMode ( src/Graphics/Rendering/OpenGL/GL/PrimitiveMode.hs, dist/dist-sandbox-436ac64a/build/Graphics/Rendering/OpenGL/GL/PrimitiveMode.dyn_o )
[ 46 of 118] Compiling Graphics.Rendering.OpenGL.GL.PrimitiveModeInternal ( src/Graphics/Rendering/OpenGL/GL/PrimitiveModeInternal.hs, dist/dist-sandbox-436ac64a/build/Graphics/Rendering/OpenGL/GL/PrimitiveModeInternal.dyn_o )
[ 47 of 118] Compiling Graphics.Rendering.OpenGL.GL.BeginEnd ( src/Graphics/Rendering/OpenGL/GL/BeginEnd.hs, dist/dist-sandbox-436ac64a/build/Graphics/Rendering/OpenGL/GL/BeginEnd.dyn_o )
[ 48 of 118] Compiling Graphics.Rendering.OpenGL.GL.Capability ( src/Graphics/Rendering/OpenGL/GL/Capability.hs, dist/dist-sandbox-436ac64a/build/Graphics/Rendering/OpenGL/GL/Capability.dyn_o )
[ 49 of 118] Compiling Graphics.Rendering.OpenGL.GL.VertexArrays ( src/Graphics/Rendering/OpenGL/GL/VertexArrays.hs, dist/dist-sandbox-436ac64a/build/Graphics/Rendering/OpenGL/GL/VertexArrays.dyn_o )
[ 50 of 118] Compiling Graphics.Rendering.OpenGL.GL.RasterPos ( src/Graphics/Rendering/OpenGL/GL/RasterPos.hs, dist/dist-sandbox-436ac64a/build/Graphics/Rendering/OpenGL/GL/RasterPos.dyn_o )
[ 51 of 118] Compiling Graphics.Rendering.OpenGL.GL.Points ( src/Graphics/Rendering/OpenGL/GL/Points.hs, dist/dist-sandbox-436ac64a/build/Graphics/Rendering/OpenGL/GL/Points.dyn_o )
[ 52 of 118] Compiling Graphics.Rendering.OpenGL.GL.PixelRectangles.PixelTransfer ( src/Graphics/Rendering/OpenGL/GL/PixelRectangles/PixelTransfer.hs, dist/dist-sandbox-436ac64a/build/Graphics/Rendering/OpenGL/GL/PixelRectangles/PixelTransfer.dyn_o )
[ 53 of 118] Compiling Graphics.Rendering.OpenGL.GL.PixelRectangles.Minmax ( src/Graphics/Rendering/OpenGL/GL/PixelRectangles/Minmax.hs, dist/dist-sandbox-436ac64a/build/Graphics/Rendering/OpenGL/GL/PixelRectangles/Minmax.dyn_o )
[ 54 of 118] Compiling Graphics.Rendering.OpenGL.GL.LineSegments ( src/Graphics/Rendering/OpenGL/GL/LineSegments.hs, dist/dist-sandbox-436ac64a/build/Graphics/Rendering/OpenGL/GL/LineSegments.dyn_o )
[ 55 of 118] Compiling Graphics.Rendering.OpenGL.GL.Fog ( src/Graphics/Rendering/OpenGL/GL/Fog.hs, dist/dist-sandbox-436ac64a/build/Graphics/Rendering/OpenGL/GL/Fog.dyn_o )
[ 56 of 118] Compiling Graphics.Rendering.OpenGL.GL.DebugOutput ( src/Graphics/Rendering/OpenGL/GL/DebugOutput.hs, dist/dist-sandbox-436ac64a/build/Graphics/Rendering/OpenGL/GL/DebugOutput.dyn_o )
[ 57 of 118] Compiling Graphics.Rendering.OpenGL.GL.VertexArrayObjects ( src/Graphics/Rendering/OpenGL/GL/VertexArrayObjects.hs, dist/dist-sandbox-436ac64a/build/Graphics/Rendering/OpenGL/GL/VertexArrayObjects.dyn_o )
[ 58 of 118] Compiling Graphics.Rendering.OpenGL.GL.Texturing.TextureObject ( src/Graphics/Rendering/OpenGL/GL/Texturing/TextureObject.hs, dist/dist-sandbox-436ac64a/build/Graphics/Rendering/OpenGL/GL/Texturing/TextureObject.dyn_o )
[ 59 of 118] Compiling Graphics.Rendering.OpenGL.GL.SyncObjects ( src/Graphics/Rendering/OpenGL/GL/SyncObjects.hs, dist/dist-sandbox-436ac64a/build/Graphics/Rendering/OpenGL/GL/SyncObjects.dyn_o )
[ 60 of 118] Compiling Graphics.Rendering.OpenGL.GL.Shaders.Shader ( src/Graphics/Rendering/OpenGL/GL/Shaders/Shader.hs, dist/dist-sandbox-436ac64a/build/Graphics/Rendering/OpenGL/GL/Shaders/Shader.dyn_o )
[ 61 of 118] Compiling Graphics.Rendering.OpenGL.GL.Shaders.ShaderObjects ( src/Graphics/Rendering/OpenGL/GL/Shaders/ShaderObjects.hs, dist/dist-sandbox-436ac64a/build/Graphics/Rendering/OpenGL/GL/Shaders/ShaderObjects.dyn_o )
[ 62 of 118] Compiling Graphics.Rendering.OpenGL.GL.Shaders.ShaderBinaries ( src/Graphics/Rendering/OpenGL/GL/Shaders/ShaderBinaries.hs, dist/dist-sandbox-436ac64a/build/Graphics/Rendering/OpenGL/GL/Shaders/ShaderBinaries.dyn_o )
[ 63 of 118] Compiling Graphics.Rendering.OpenGL.GL.Shaders.Program ( src/Graphics/Rendering/OpenGL/GL/Shaders/Program.hs, dist/dist-sandbox-436ac64a/build/Graphics/Rendering/OpenGL/GL/Shaders/Program.dyn_o )
[ 64 of 118] Compiling Graphics.Rendering.OpenGL.GL.Shaders.Variables ( src/Graphics/Rendering/OpenGL/GL/Shaders/Variables.hs, dist/dist-sandbox-436ac64a/build/Graphics/Rendering/OpenGL/GL/Shaders/Variables.dyn_o )
[ 65 of 118] Compiling Graphics.Rendering.OpenGL.GL.TransformFeedback ( src/Graphics/Rendering/OpenGL/GL/TransformFeedback.hs, dist/dist-sandbox-436ac64a/build/Graphics/Rendering/OpenGL/GL/TransformFeedback.dyn_o )
[ 66 of 118] Compiling Graphics.Rendering.OpenGL.GL.Shaders.ProgramBinaries ( src/Graphics/Rendering/OpenGL/GL/Shaders/ProgramBinaries.hs, dist/dist-sandbox-436ac64a/build/Graphics/Rendering/OpenGL/GL/Shaders/ProgramBinaries.dyn_o )
[ 67 of 118] Compiling Graphics.Rendering.OpenGL.GL.Shaders.Attribs ( src/Graphics/Rendering/OpenGL/GL/Shaders/Attribs.hs, dist/dist-sandbox-436ac64a/build/Graphics/Rendering/OpenGL/GL/Shaders/Attribs.dyn_o )
[ 68 of 118] Compiling Graphics.Rendering.OpenGL.GL.QueryObject ( src/Graphics/Rendering/OpenGL/GL/QueryObject.hs, dist/dist-sandbox-436ac64a/build/Graphics/Rendering/OpenGL/GL/QueryObject.dyn_o )
[ 69 of 118] Compiling Graphics.Rendering.OpenGL.GL.QueryObjects ( src/Graphics/Rendering/OpenGL/GL/QueryObjects.hs, dist/dist-sandbox-436ac64a/build/Graphics/Rendering/OpenGL/GL/QueryObjects.dyn_o )
[ 70 of 118] Compiling Graphics.Rendering.OpenGL.GL.ConditionalRendering ( src/Graphics/Rendering/OpenGL/GL/ConditionalRendering.hs, dist/dist-sandbox-436ac64a/build/Graphics/Rendering/OpenGL/GL/ConditionalRendering.dyn_o )
[ 71 of 118] Compiling Graphics.Rendering.OpenGL.GL.FramebufferObjects.RenderbufferObject ( src/Graphics/Rendering/OpenGL/GL/FramebufferObjects/RenderbufferObject.hs, dist/dist-sandbox-436ac64a/build/Graphics/Rendering/OpenGL/GL/FramebufferObjects/RenderbufferObject.dyn_o )
[ 72 of 118] Compiling Graphics.Rendering.OpenGL.GL.FramebufferObjects.RenderbufferObjects ( src/Graphics/Rendering/OpenGL/GL/FramebufferObjects/RenderbufferObjects.hs, dist/dist-sandbox-436ac64a/build/Graphics/Rendering/OpenGL/GL/FramebufferObjects/RenderbufferObjects.dyn_o )
[ 73 of 118] Compiling Graphics.Rendering.OpenGL.GL.FramebufferObjects.FramebufferObject ( src/Graphics/Rendering/OpenGL/GL/FramebufferObjects/FramebufferObject.hs, dist/dist-sandbox-436ac64a/build/Graphics/Rendering/OpenGL/GL/FramebufferObjects/FramebufferObject.dyn_o )
[ 74 of 118] Compiling Graphics.Rendering.OpenGL.GL.FramebufferObjects.FramebufferObjects ( src/Graphics/Rendering/OpenGL/GL/FramebufferObjects/FramebufferObjects.hs, dist/dist-sandbox-436ac64a/build/Graphics/Rendering/OpenGL/GL/FramebufferObjects/FramebufferObjects.dyn_o )
[ 75 of 118] Compiling Graphics.Rendering.OpenGL.GL.DisplayLists ( src/Graphics/Rendering/OpenGL/GL/DisplayLists.hs, dist/dist-sandbox-436ac64a/build/Graphics/Rendering/OpenGL/GL/DisplayLists.dyn_o )
[ 76 of 118] Compiling Graphics.Rendering.OpenGL.GL.CoordTrans ( src/Graphics/Rendering/OpenGL/GL/CoordTrans.hs, dist/dist-sandbox-436ac64a/build/Graphics/Rendering/OpenGL/GL/CoordTrans.dyn_o )
[ 77 of 118] Compiling Graphics.Rendering.OpenGL.GL.ReadCopyPixels ( src/Graphics/Rendering/OpenGL/GL/ReadCopyPixels.hs, dist/dist-sandbox-436ac64a/build/Graphics/Rendering/OpenGL/GL/ReadCopyPixels.dyn_o )
[ 78 of 118] Compiling Graphics.Rendering.OpenGL.GL.PixelRectangles.Rasterization ( src/Graphics/Rendering/OpenGL/GL/PixelRectangles/Rasterization.hs, dist/dist-sandbox-436ac64a/build/Graphics/Rendering/OpenGL/GL/PixelRectangles/Rasterization.dyn_o )
[ 79 of 118] Compiling Graphics.Rendering.OpenGL.GL.PixelRectangles.Convolution ( src/Graphics/Rendering/OpenGL/GL/PixelRectangles/Convolution.hs, dist/dist-sandbox-436ac64a/build/Graphics/Rendering/OpenGL/GL/PixelRectangles/Convolution.dyn_o )
[ 80 of 118] Compiling Graphics.Rendering.OpenGL.GL.PixelRectangles.ColorTable ( src/Graphics/Rendering/OpenGL/GL/PixelRectangles/ColorTable.hs, dist/dist-sandbox-436ac64a/build/Graphics/Rendering/OpenGL/GL/PixelRectangles/ColorTable.dyn_o )
[ 81 of 118] Compiling Graphics.Rendering.OpenGL.GL.Texturing.TextureTarget ( src/Graphics/Rendering/OpenGL/GL/Texturing/TextureTarget.hs, dist/dist-sandbox-436ac64a/build/Graphics/Rendering/OpenGL/GL/Texturing/TextureTarget.dyn_o )
[ 82 of 118] Compiling Graphics.Rendering.OpenGL.GL.Texturing.TexParameter ( src/Graphics/Rendering/OpenGL/GL/Texturing/TexParameter.hs, dist/dist-sandbox-436ac64a/build/Graphics/Rendering/OpenGL/GL/Texturing/TexParameter.dyn_o )
[ 83 of 118] Compiling Graphics.Rendering.OpenGL.GL.Texturing.Objects ( src/Graphics/Rendering/OpenGL/GL/Texturing/Objects.hs, dist/dist-sandbox-436ac64a/build/Graphics/Rendering/OpenGL/GL/Texturing/Objects.dyn_o )
[ 84 of 118] Compiling Graphics.Rendering.OpenGL.GL.Texturing.Application ( src/Graphics/Rendering/OpenGL/GL/Texturing/Application.hs, dist/dist-sandbox-436ac64a/build/Graphics/Rendering/OpenGL/GL/Texturing/Application.dyn_o )
[ 85 of 118] Compiling Graphics.Rendering.OpenGL.GL.PixelRectangles.Histogram ( src/Graphics/Rendering/OpenGL/GL/PixelRectangles/Histogram.hs, dist/dist-sandbox-436ac64a/build/Graphics/Rendering/OpenGL/GL/PixelRectangles/Histogram.dyn_o )
[ 86 of 118] Compiling Graphics.Rendering.OpenGL.GL.PixelRectangles ( src/Graphics/Rendering/OpenGL/GL/PixelRectangles.hs, dist/dist-sandbox-436ac64a/build/Graphics/Rendering/OpenGL/GL/PixelRectangles.dyn_o )
[ 87 of 118] Compiling Graphics.Rendering.OpenGL.GL.Texturing.Specification ( src/Graphics/Rendering/OpenGL/GL/Texturing/Specification.hs, dist/dist-sandbox-436ac64a/build/Graphics/Rendering/OpenGL/GL/Texturing/Specification.dyn_o )
[ 88 of 118] Compiling Graphics.Rendering.OpenGL.GL.Texturing.Parameters ( src/Graphics/Rendering/OpenGL/GL/Texturing/Parameters.hs, dist/dist-sandbox-436ac64a/build/Graphics/Rendering/OpenGL/GL/Texturing/Parameters.dyn_o )
[ 89 of 118] Compiling Graphics.Rendering.OpenGL.GL.Texturing.Environments ( src/Graphics/Rendering/OpenGL/GL/Texturing/Environments.hs, dist/dist-sandbox-436ac64a/build/Graphics/Rendering/OpenGL/GL/Texturing/Environments.dyn_o )
[ 90 of 118] Compiling Graphics.Rendering.OpenGL.GL.PixellikeObject ( src/Graphics/Rendering/OpenGL/GL/PixellikeObject.hs, dist/dist-sandbox-436ac64a/build/Graphics/Rendering/OpenGL/GL/PixellikeObject.dyn_o )
[ 91 of 118] Compiling Graphics.Rendering.OpenGL.GL.FramebufferObjects.Queries ( src/Graphics/Rendering/OpenGL/GL/FramebufferObjects/Queries.hs, dist/dist-sandbox-436ac64a/build/Graphics/Rendering/OpenGL/GL/FramebufferObjects/Queries.dyn_o )
[ 92 of 118] Compiling Graphics.Rendering.OpenGL.GL.FramebufferObjects.Attachments ( src/Graphics/Rendering/OpenGL/GL/FramebufferObjects/Attachments.hs, dist/dist-sandbox-436ac64a/build/Graphics/Rendering/OpenGL/GL/FramebufferObjects/Attachments.dyn_o )
[ 93 of 118] Compiling Graphics.Rendering.OpenGL.GL.FramebufferObjects ( src/Graphics/Rendering/OpenGL/GL/FramebufferObjects.hs, dist/dist-sandbox-436ac64a/build/Graphics/Rendering/OpenGL/GL/FramebufferObjects.dyn_o )
[ 94 of 118] Compiling Graphics.Rendering.OpenGL.GL.Texturing.Queries ( src/Graphics/Rendering/OpenGL/GL/Texturing/Queries.hs, dist/dist-sandbox-436ac64a/build/Graphics/Rendering/OpenGL/GL/Texturing/Queries.dyn_o )
[ 95 of 118] Compiling Graphics.Rendering.OpenGL.GL.Texturing ( src/Graphics/Rendering/OpenGL/GL/Texturing.hs, dist/dist-sandbox-436ac64a/build/Graphics/Rendering/OpenGL/GL/Texturing.dyn_o )
[ 96 of 118] Compiling Graphics.Rendering.OpenGL.GL.Polygons ( src/Graphics/Rendering/OpenGL/GL/Polygons.hs, dist/dist-sandbox-436ac64a/build/Graphics/Rendering/OpenGL/GL/Polygons.dyn_o )
[ 97 of 118] Compiling Graphics.Rendering.OpenGL.GL.Framebuffer ( src/Graphics/Rendering/OpenGL/GL/Framebuffer.hs, dist/dist-sandbox-436ac64a/build/Graphics/Rendering/OpenGL/GL/Framebuffer.dyn_o )
[ 98 of 118] Compiling Graphics.Rendering.OpenGL.GL.Shaders.ProgramObjects ( src/Graphics/Rendering/OpenGL/GL/Shaders/ProgramObjects.hs, dist/dist-sandbox-436ac64a/build/Graphics/Rendering/OpenGL/GL/Shaders/ProgramObjects.dyn_o )
[ 99 of 118] Compiling Graphics.Rendering.OpenGL.GL.Shaders.Uniform ( src/Graphics/Rendering/OpenGL/GL/Shaders/Uniform.hs, dist/dist-sandbox-436ac64a/build/Graphics/Rendering/OpenGL/GL/Shaders/Uniform.dyn_o )
[100 of 118] Compiling Graphics.Rendering.OpenGL.GL.Shaders ( src/Graphics/Rendering/OpenGL/GL/Shaders.hs, dist/dist-sandbox-436ac64a/build/Graphics/Rendering/OpenGL/GL/Shaders.dyn_o )
[101 of 118] Compiling Graphics.Rendering.OpenGL.GL.PerFragment ( src/Graphics/Rendering/OpenGL/GL/PerFragment.hs, dist/dist-sandbox-436ac64a/build/Graphics/Rendering/OpenGL/GL/PerFragment.dyn_o )
[102 of 118] Compiling Graphics.Rendering.OpenGL.GL.Bitmaps ( src/Graphics/Rendering/OpenGL/GL/Bitmaps.hs, dist/dist-sandbox-436ac64a/build/Graphics/Rendering/OpenGL/GL/Bitmaps.dyn_o )
[103 of 118] Compiling Graphics.Rendering.OpenGL.GL.ControlPoint ( src/Graphics/Rendering/OpenGL/GL/ControlPoint.hs, dist/dist-sandbox-436ac64a/build/Graphics/Rendering/OpenGL/GL/ControlPoint.dyn_o )
[104 of 118] Compiling Graphics.Rendering.OpenGL.GL.Evaluators ( src/Graphics/Rendering/OpenGL/GL/Evaluators.hs, dist/dist-sandbox-436ac64a/build/Graphics/Rendering/OpenGL/GL/Evaluators.dyn_o )
[105 of 118] Compiling Graphics.Rendering.OpenGL.GL.Colors ( src/Graphics/Rendering/OpenGL/GL/Colors.hs, dist/dist-sandbox-436ac64a/build/Graphics/Rendering/OpenGL/GL/Colors.dyn_o )
[106 of 118] Compiling Graphics.Rendering.OpenGL.GL.ColorSum ( src/Graphics/Rendering/OpenGL/GL/ColorSum.hs, dist/dist-sandbox-436ac64a/build/Graphics/Rendering/OpenGL/GL/ColorSum.dyn_o )
[107 of 118] Compiling Graphics.Rendering.OpenGL.GL.Clipping ( src/Graphics/Rendering/OpenGL/GL/Clipping.hs, dist/dist-sandbox-436ac64a/build/Graphics/Rendering/OpenGL/GL/Clipping.dyn_o )
[108 of 118] Compiling Graphics.Rendering.OpenGL.GL.Antialiasing ( src/Graphics/Rendering/OpenGL/GL/Antialiasing.hs, dist/dist-sandbox-436ac64a/build/Graphics/Rendering/OpenGL/GL/Antialiasing.dyn_o )
[109 of 118] Compiling Graphics.Rendering.OpenGL.GL.BufferObjects ( src/Graphics/Rendering/OpenGL/GL/BufferObjects.hs, dist/dist-sandbox-436ac64a/build/Graphics/Rendering/OpenGL/GL/BufferObjects.dyn_o )
[110 of 118] Compiling Graphics.Rendering.OpenGL.GL ( src/Graphics/Rendering/OpenGL/GL.hs, dist/dist-sandbox-436ac64a/build/Graphics/Rendering/OpenGL/GL.dyn_o )
[111 of 118] Compiling Graphics.Rendering.OpenGL.GLU.Initialization ( src/Graphics/Rendering/OpenGL/GLU/Initialization.hs, dist/dist-sandbox-436ac64a/build/Graphics/Rendering/OpenGL/GLU/Initialization.dyn_o )
[112 of 118] Compiling Graphics.Rendering.OpenGL.GLU.Matrix ( src/Graphics/Rendering/OpenGL/GLU/Matrix.hs, dist/dist-sandbox-436ac64a/build/Graphics/Rendering/OpenGL/GLU/Matrix.dyn_o )
[113 of 118] Compiling Graphics.Rendering.OpenGL.GLU.Mipmapping ( src/Graphics/Rendering/OpenGL/GLU/Mipmapping.hs, dist/dist-sandbox-436ac64a/build/Graphics/Rendering/OpenGL/GLU/Mipmapping.dyn_o )
[114 of 118] Compiling Graphics.Rendering.OpenGL.GLU.NURBS ( src/Graphics/Rendering/OpenGL/GLU/NURBS.hs, dist/dist-sandbox-436ac64a/build/Graphics/Rendering/OpenGL/GLU/NURBS.dyn_o )
[115 of 118] Compiling Graphics.Rendering.OpenGL.GLU.Quadrics ( src/Graphics/Rendering/OpenGL/GLU/Quadrics.hs, dist/dist-sandbox-436ac64a/build/Graphics/Rendering/OpenGL/GLU/Quadrics.dyn_o )
[116 of 118] Compiling Graphics.Rendering.OpenGL.GLU.Tessellation ( src/Graphics/Rendering/OpenGL/GLU/Tessellation.hs, dist/dist-sandbox-436ac64a/build/Graphics/Rendering/OpenGL/GLU/Tessellation.dyn_o )
[117 of 118] Compiling Graphics.Rendering.OpenGL.GLU ( src/Graphics/Rendering/OpenGL/GLU.hs, dist/dist-sandbox-436ac64a/build/Graphics/Rendering/OpenGL/GLU.dyn_o )
[118 of 118] Compiling Graphics.Rendering.OpenGL ( src/Graphics/Rendering/OpenGL.hs, dist/dist-sandbox-436ac64a/build/Graphics/Rendering/OpenGL.dyn_o )
Installing library in /home/miksu/Haskell/gloss-projects/IcoWallpaper/.cabal-sandbox/lib/x86_64-linux-ghc-8.6.5/OpenGL-3.0.3.0-HvAenkQ597o9TOiw7lJNmB
cabal: Leaving directory '/tmp/cabal-tmp-74540/OpenGL-3.0.3.0'
